{"/Users/ryanfiller/Dev/personal/portfolio-gatsby/src/components/buttons.js": {"path":"/Users/ryanfiller/Dev/personal/portfolio-gatsby/src/components/buttons.js","statementMap":{"0":{"start":{"line":7,"column":15},"end":{"line":26,"column":1}},"1":{"start":{"line":13,"column":8},"end":{"line":13,"column":13}},"2":{"start":{"line":15,"column":4},"end":{"line":25,"column":5}},"3":{"start":{"line":28,"column":0},"end":{"line":35,"column":2}},"4":{"start":{"line":37,"column":21},"end":{"line":67,"column":5}},"5":{"start":{"line":48,"column":26},"end":{"line":48,"column":52}},"6":{"start":{"line":49,"column":37},"end":{"line":49,"column":72}},"7":{"start":{"line":53,"column":41},"end":{"line":53,"column":69}}},"fnMap":{"0":{"name":"(anonymous_0)","decl":{"start":{"line":7,"column":15},"end":{"line":7,"column":16}},"loc":{"start":{"line":7,"column":26},"end":{"line":26,"column":1}},"line":7},"1":{"name":"(anonymous_1)","decl":{"start":{"line":48,"column":17},"end":{"line":48,"column":18}},"loc":{"start":{"line":48,"column":26},"end":{"line":48,"column":52}},"line":48},"2":{"name":"(anonymous_2)","decl":{"start":{"line":49,"column":28},"end":{"line":49,"column":29}},"loc":{"start":{"line":49,"column":37},"end":{"line":49,"column":72}},"line":49},"3":{"name":"(anonymous_3)","decl":{"start":{"line":53,"column":32},"end":{"line":53,"column":33}},"loc":{"start":{"line":53,"column":41},"end":{"line":53,"column":69}},"line":53}},"branchMap":{"0":{"loc":{"start":{"line":48,"column":26},"end":{"line":48,"column":52}},"type":"binary-expr","locations":[{"start":{"line":48,"column":26},"end":{"line":48,"column":37}},{"start":{"line":48,"column":41},"end":{"line":48,"column":52}}],"line":48},"1":{"loc":{"start":{"line":49,"column":37},"end":{"line":49,"column":72}},"type":"binary-expr","locations":[{"start":{"line":49,"column":37},"end":{"line":49,"column":53}},{"start":{"line":49,"column":57},"end":{"line":49,"column":72}}],"line":49},"2":{"loc":{"start":{"line":53,"column":41},"end":{"line":53,"column":69}},"type":"binary-expr","locations":[{"start":{"line":53,"column":41},"end":{"line":53,"column":53}},{"start":{"line":53,"column":57},"end":{"line":53,"column":69}}],"line":53}},"s":{"0":1,"1":0,"2":0,"3":1,"4":1,"5":0,"6":0,"7":0},"f":{"0":0,"1":0,"2":0,"3":0},"b":{"0":[0,0],"1":[0,0],"2":[0,0]},"_coverageSchema":"43e27e138ebf9cfc5966b082cf9a028302ed4184","hash":"bd61dd065db5ae88acb818af4c254d4c9ecf48af"}
,"/Users/ryanfiller/Dev/personal/portfolio-gatsby/src/components/form.js": {"path":"/Users/ryanfiller/Dev/personal/portfolio-gatsby/src/components/form.js","statementMap":{"0":{"start":{"line":11,"column":0},"end":{"line":11,"column":27}},"1":{"start":{"line":13,"column":13},"end":{"line":110,"column":1}},"2":{"start":{"line":15,"column":23},"end":{"line":15,"column":40}},"3":{"start":{"line":16,"column":24},"end":{"line":16,"column":42}},"4":{"start":{"line":18,"column":38},"end":{"line":18,"column":53}},"5":{"start":{"line":19,"column":41},"end":{"line":19,"column":79}},"6":{"start":{"line":21,"column":25},"end":{"line":26,"column":5}},"7":{"start":{"line":22,"column":8},"end":{"line":25,"column":11}},"8":{"start":{"line":28,"column":19},"end":{"line":32,"column":5}},"9":{"start":{"line":29,"column":8},"end":{"line":31,"column":22}},"10":{"start":{"line":30,"column":24},"end":{"line":30,"column":85}},"11":{"start":{"line":34,"column":25},"end":{"line":43,"column":5}},"12":{"start":{"line":35,"column":8},"end":{"line":35,"column":26}},"13":{"start":{"line":36,"column":8},"end":{"line":42,"column":37}},"14":{"start":{"line":41,"column":20},"end":{"line":41,"column":38}},"15":{"start":{"line":42,"column":24},"end":{"line":42,"column":36}},"16":{"start":{"line":45,"column":23},"end":{"line":48,"column":5}},"17":{"start":{"line":46,"column":8},"end":{"line":46,"column":28}},"18":{"start":{"line":47,"column":8},"end":{"line":47,"column":52}},"19":{"start":{"line":50,"column":4},"end":{"line":109,"column":5}},"20":{"start":{"line":67,"column":40},"end":{"line":67,"column":65}},"21":{"start":{"line":69,"column":48},"end":{"line":72,"column":51}},"22":{"start":{"line":74,"column":24},"end":{"line":89,"column":25}},"23":{"start":{"line":112,"column":19},"end":{"line":212,"column":1}},"24":{"start":{"line":146,"column":34},"end":{"line":146,"column":60}},"25":{"start":{"line":147,"column":45},"end":{"line":147,"column":76}},"26":{"start":{"line":161,"column":34},"end":{"line":161,"column":64}},"27":{"start":{"line":181,"column":49},"end":{"line":181,"column":80}},"28":{"start":{"line":204,"column":30},"end":{"line":204,"column":41}},"29":{"start":{"line":214,"column":0},"end":{"line":219,"column":2}}},"fnMap":{"0":{"name":"(anonymous_0)","decl":{"start":{"line":13,"column":13},"end":{"line":13,"column":14}},"loc":{"start":{"line":13,"column":24},"end":{"line":110,"column":1}},"line":13},"1":{"name":"(anonymous_1)","decl":{"start":{"line":21,"column":25},"end":{"line":21,"column":26}},"loc":{"start":{"line":21,"column":32},"end":{"line":26,"column":5}},"line":21},"2":{"name":"(anonymous_2)","decl":{"start":{"line":28,"column":19},"end":{"line":28,"column":20}},"loc":{"start":{"line":28,"column":29},"end":{"line":32,"column":5}},"line":28},"3":{"name":"(anonymous_3)","decl":{"start":{"line":30,"column":17},"end":{"line":30,"column":18}},"loc":{"start":{"line":30,"column":24},"end":{"line":30,"column":85}},"line":30},"4":{"name":"(anonymous_4)","decl":{"start":{"line":34,"column":25},"end":{"line":34,"column":26}},"loc":{"start":{"line":34,"column":32},"end":{"line":43,"column":5}},"line":34},"5":{"name":"(anonymous_5)","decl":{"start":{"line":41,"column":14},"end":{"line":41,"column":15}},"loc":{"start":{"line":41,"column":20},"end":{"line":41,"column":38}},"line":41},"6":{"name":"(anonymous_6)","decl":{"start":{"line":42,"column":15},"end":{"line":42,"column":16}},"loc":{"start":{"line":42,"column":24},"end":{"line":42,"column":36}},"line":42},"7":{"name":"(anonymous_7)","decl":{"start":{"line":45,"column":23},"end":{"line":45,"column":24}},"loc":{"start":{"line":45,"column":29},"end":{"line":48,"column":5}},"line":45},"8":{"name":"(anonymous_8)","decl":{"start":{"line":65,"column":50},"end":{"line":65,"column":51}},"loc":{"start":{"line":65,"column":68},"end":{"line":90,"column":21}},"line":65},"9":{"name":"(anonymous_9)","decl":{"start":{"line":146,"column":25},"end":{"line":146,"column":26}},"loc":{"start":{"line":146,"column":34},"end":{"line":146,"column":60}},"line":146},"10":{"name":"(anonymous_10)","decl":{"start":{"line":147,"column":36},"end":{"line":147,"column":37}},"loc":{"start":{"line":147,"column":45},"end":{"line":147,"column":76}},"line":147},"11":{"name":"(anonymous_11)","decl":{"start":{"line":161,"column":25},"end":{"line":161,"column":26}},"loc":{"start":{"line":161,"column":34},"end":{"line":161,"column":64}},"line":161},"12":{"name":"(anonymous_12)","decl":{"start":{"line":181,"column":40},"end":{"line":181,"column":41}},"loc":{"start":{"line":181,"column":49},"end":{"line":181,"column":80}},"line":181},"13":{"name":"(anonymous_13)","decl":{"start":{"line":204,"column":21},"end":{"line":204,"column":22}},"loc":{"start":{"line":204,"column":30},"end":{"line":204,"column":41}},"line":204}},"branchMap":{"0":{"loc":{"start":{"line":52,"column":13},"end":{"line":106,"column":22}},"type":"cond-expr","locations":[{"start":{"line":53,"column":16},"end":{"line":96,"column":23}},{"start":{"line":98,"column":16},"end":{"line":106,"column":22}}],"line":52},"1":{"loc":{"start":{"line":69,"column":48},"end":{"line":72,"column":51}},"type":"cond-expr","locations":[{"start":{"line":70,"column":28},"end":{"line":70,"column":57}},{"start":{"line":71,"column":32},"end":{"line":72,"column":51}}],"line":69},"2":{"loc":{"start":{"line":71,"column":32},"end":{"line":72,"column":51}},"type":"cond-expr","locations":[{"start":{"line":72,"column":32},"end":{"line":72,"column":44}},{"start":{"line":72,"column":46},"end":{"line":72,"column":51}}],"line":71},"3":{"loc":{"start":{"line":81,"column":46},"end":{"line":81,"column":87}},"type":"cond-expr","locations":[{"start":{"line":81,"column":75},"end":{"line":81,"column":79}},{"start":{"line":81,"column":82},"end":{"line":81,"column":87}}],"line":81},"4":{"loc":{"start":{"line":146,"column":34},"end":{"line":146,"column":60}},"type":"binary-expr","locations":[{"start":{"line":146,"column":34},"end":{"line":146,"column":45}},{"start":{"line":146,"column":49},"end":{"line":146,"column":60}}],"line":146},"5":{"loc":{"start":{"line":147,"column":45},"end":{"line":147,"column":76}},"type":"binary-expr","locations":[{"start":{"line":147,"column":45},"end":{"line":147,"column":57}},{"start":{"line":147,"column":61},"end":{"line":147,"column":76}}],"line":147},"6":{"loc":{"start":{"line":161,"column":34},"end":{"line":161,"column":64}},"type":"binary-expr","locations":[{"start":{"line":161,"column":34},"end":{"line":161,"column":50}},{"start":{"line":161,"column":54},"end":{"line":161,"column":64}}],"line":161},"7":{"loc":{"start":{"line":181,"column":49},"end":{"line":181,"column":80}},"type":"binary-expr","locations":[{"start":{"line":181,"column":49},"end":{"line":181,"column":61}},{"start":{"line":181,"column":65},"end":{"line":181,"column":80}}],"line":181}},"s":{"0":1,"1":1,"2":0,"3":0,"4":0,"5":0,"6":0,"7":0,"8":0,"9":0,"10":0,"11":0,"12":0,"13":0,"14":0,"15":0,"16":0,"17":0,"18":0,"19":0,"20":0,"21":0,"22":0,"23":1,"24":0,"25":0,"26":0,"27":0,"28":0,"29":1},"f":{"0":0,"1":0,"2":0,"3":0,"4":0,"5":0,"6":0,"7":0,"8":0,"9":0,"10":0,"11":0,"12":0,"13":0},"b":{"0":[0,0],"1":[0,0],"2":[0,0],"3":[0,0],"4":[0,0],"5":[0,0],"6":[0,0],"7":[0,0]},"_coverageSchema":"43e27e138ebf9cfc5966b082cf9a028302ed4184","hash":"d09053730741a42a1cb82adcf9ee56450551d8be"}
,"/Users/ryanfiller/Dev/personal/portfolio-gatsby/src/components/logo.js": {"path":"/Users/ryanfiller/Dev/personal/portfolio-gatsby/src/components/logo.js","statementMap":{"0":{"start":{"line":15,"column":13},"end":{"line":25,"column":1}},"1":{"start":{"line":17,"column":1},"end":{"line":24,"column":2}},"2":{"start":{"line":27,"column":19},"end":{"line":95,"column":1}},"3":{"start":{"line":41,"column":19},"end":{"line":41,"column":30}},"4":{"start":{"line":45,"column":21},"end":{"line":45,"column":69}},"5":{"start":{"line":65,"column":20},"end":{"line":65,"column":32}},"6":{"start":{"line":69,"column":12},"end":{"line":94,"column":3}},"7":{"start":{"line":97,"column":0},"end":{"line":102,"column":2}}},"fnMap":{"0":{"name":"(anonymous_0)","decl":{"start":{"line":15,"column":13},"end":{"line":15,"column":14}},"loc":{"start":{"line":15,"column":24},"end":{"line":25,"column":1}},"line":15},"1":{"name":"(anonymous_1)","decl":{"start":{"line":41,"column":10},"end":{"line":41,"column":11}},"loc":{"start":{"line":41,"column":19},"end":{"line":41,"column":30}},"line":41},"2":{"name":"(anonymous_2)","decl":{"start":{"line":45,"column":12},"end":{"line":45,"column":13}},"loc":{"start":{"line":45,"column":21},"end":{"line":45,"column":69}},"line":45},"3":{"name":"(anonymous_3)","decl":{"start":{"line":65,"column":11},"end":{"line":65,"column":12}},"loc":{"start":{"line":65,"column":20},"end":{"line":65,"column":32}},"line":65},"4":{"name":"(anonymous_4)","decl":{"start":{"line":69,"column":3},"end":{"line":69,"column":4}},"loc":{"start":{"line":69,"column":12},"end":{"line":94,"column":3}},"line":69}},"branchMap":{},"s":{"0":1,"1":1,"2":1,"3":1,"4":1,"5":1,"6":1,"7":1},"f":{"0":1,"1":1,"2":1,"3":1,"4":1},"b":{},"_coverageSchema":"43e27e138ebf9cfc5966b082cf9a028302ed4184","hash":"3d001f30a051a7fb655ec8c2754ae5f9885fec96"}
,"/Users/ryanfiller/Dev/personal/portfolio-gatsby/src/components/layout/global-styles.js": {"path":"/Users/ryanfiller/Dev/personal/portfolio-gatsby/src/components/layout/global-styles.js","statementMap":{"0":{"start":{"line":7,"column":15},"end":{"line":86,"column":1}},"1":{"start":{"line":12,"column":31},"end":{"line":12,"column":47}},"2":{"start":{"line":28,"column":26},"end":{"line":28,"column":47}},"3":{"start":{"line":29,"column":21},"end":{"line":29,"column":38}},"4":{"start":{"line":68,"column":31},"end":{"line":68,"column":48}},"5":{"start":{"line":88,"column":21},"end":{"line":88,"column":37}},"6":{"start":{"line":88,"column":27},"end":{"line":88,"column":37}}},"fnMap":{"0":{"name":"(anonymous_0)","decl":{"start":{"line":12,"column":22},"end":{"line":12,"column":23}},"loc":{"start":{"line":12,"column":31},"end":{"line":12,"column":47}},"line":12},"1":{"name":"(anonymous_1)","decl":{"start":{"line":28,"column":17},"end":{"line":28,"column":18}},"loc":{"start":{"line":28,"column":26},"end":{"line":28,"column":47}},"line":28},"2":{"name":"(anonymous_2)","decl":{"start":{"line":29,"column":12},"end":{"line":29,"column":13}},"loc":{"start":{"line":29,"column":21},"end":{"line":29,"column":38}},"line":29},"3":{"name":"(anonymous_3)","decl":{"start":{"line":68,"column":22},"end":{"line":68,"column":23}},"loc":{"start":{"line":68,"column":31},"end":{"line":68,"column":48}},"line":68},"4":{"name":"(anonymous_4)","decl":{"start":{"line":88,"column":21},"end":{"line":88,"column":22}},"loc":{"start":{"line":88,"column":27},"end":{"line":88,"column":37}},"line":88}},"branchMap":{},"s":{"0":1,"1":0,"2":0,"3":0,"4":0,"5":1,"6":0},"f":{"0":0,"1":0,"2":0,"3":0,"4":0},"b":{},"_coverageSchema":"43e27e138ebf9cfc5966b082cf9a028302ed4184","hash":"7ae0d17edadaa639097a3633591aa400c4b90534"}
,"/Users/ryanfiller/Dev/personal/portfolio-gatsby/src/components/layout/header.js": {"path":"/Users/ryanfiller/Dev/personal/portfolio-gatsby/src/components/layout/header.js","statementMap":{"0":{"start":{"line":13,"column":15},"end":{"line":31,"column":1}},"1":{"start":{"line":14,"column":13},"end":{"line":14,"column":35}},"2":{"start":{"line":16,"column":1},"end":{"line":16,"column":24}},"3":{"start":{"line":18,"column":1},"end":{"line":30,"column":2}},"4":{"start":{"line":33,"column":21},"end":{"line":48,"column":1}},"5":{"start":{"line":35,"column":2},"end":{"line":40,"column":30}}},"fnMap":{"0":{"name":"(anonymous_0)","decl":{"start":{"line":13,"column":15},"end":{"line":13,"column":16}},"loc":{"start":{"line":13,"column":26},"end":{"line":31,"column":1}},"line":13},"1":{"name":"(anonymous_1)","decl":{"start":{"line":34,"column":3},"end":{"line":34,"column":4}},"loc":{"start":{"line":35,"column":2},"end":{"line":40,"column":30}},"line":35}},"branchMap":{"0":{"loc":{"start":{"line":20,"column":21},"end":{"line":20,"column":66}},"type":"cond-expr","locations":[{"start":{"line":20,"column":47},"end":{"line":20,"column":56}},{"start":{"line":20,"column":59},"end":{"line":20,"column":66}}],"line":20},"1":{"loc":{"start":{"line":35,"column":2},"end":{"line":40,"column":30}},"type":"cond-expr","locations":[{"start":{"line":36,"column":2},"end":{"line":37,"column":31}},{"start":{"line":39,"column":2},"end":{"line":40,"column":30}}],"line":35}},"s":{"0":1,"1":1,"2":1,"3":1,"4":1,"5":1},"f":{"0":1,"1":1},"b":{"0":[0,1],"1":[1,0]},"_coverageSchema":"43e27e138ebf9cfc5966b082cf9a028302ed4184","hash":"31511094339d9875a29bc9ae0db255a984464a7e"}
,"/Users/ryanfiller/Dev/personal/portfolio-gatsby/src/components/layout/layout.js": {"path":"/Users/ryanfiller/Dev/personal/portfolio-gatsby/src/components/layout/layout.js","statementMap":{"0":{"start":{"line":11,"column":36},"end":{"line":11,"column":57}},"1":{"start":{"line":12,"column":26},"end":{"line":12,"column":47}},"2":{"start":{"line":14,"column":15},"end":{"line":63,"column":1}},"3":{"start":{"line":16,"column":42},"end":{"line":16,"column":64}},"4":{"start":{"line":18,"column":44},"end":{"line":18,"column":59}},"5":{"start":{"line":20,"column":25},"end":{"line":30,"column":2}},"6":{"start":{"line":21,"column":2},"end":{"line":21,"column":21}},"7":{"start":{"line":22,"column":2},"end":{"line":22,"column":35}},"8":{"start":{"line":32,"column":24},"end":{"line":35,"column":2}},"9":{"start":{"line":33,"column":2},"end":{"line":33,"column":20}},"10":{"start":{"line":34,"column":2},"end":{"line":34,"column":47}},"11":{"start":{"line":37,"column":26},"end":{"line":41,"column":2}},"12":{"start":{"line":38,"column":2},"end":{"line":38,"column":20}},"13":{"start":{"line":39,"column":2},"end":{"line":39,"column":47}},"14":{"start":{"line":40,"column":2},"end":{"line":40,"column":26}},"15":{"start":{"line":43,"column":2},"end":{"line":62,"column":3}},"16":{"start":{"line":45,"column":25},"end":{"line":45,"column":47}},"17":{"start":{"line":65,"column":0},"end":{"line":67,"column":2}}},"fnMap":{"0":{"name":"(anonymous_0)","decl":{"start":{"line":14,"column":15},"end":{"line":14,"column":16}},"loc":{"start":{"line":14,"column":26},"end":{"line":63,"column":1}},"line":14},"1":{"name":"(anonymous_1)","decl":{"start":{"line":20,"column":25},"end":{"line":20,"column":26}},"loc":{"start":{"line":20,"column":40},"end":{"line":30,"column":2}},"line":20},"2":{"name":"(anonymous_2)","decl":{"start":{"line":32,"column":24},"end":{"line":32,"column":25}},"loc":{"start":{"line":32,"column":31},"end":{"line":35,"column":2}},"line":32},"3":{"name":"(anonymous_3)","decl":{"start":{"line":37,"column":26},"end":{"line":37,"column":27}},"loc":{"start":{"line":37,"column":33},"end":{"line":41,"column":2}},"line":37},"4":{"name":"(anonymous_4)","decl":{"start":{"line":45,"column":16},"end":{"line":45,"column":17}},"loc":{"start":{"line":45,"column":25},"end":{"line":45,"column":47}},"line":45}},"branchMap":{},"s":{"0":1,"1":1,"2":1,"3":0,"4":0,"5":0,"6":0,"7":0,"8":0,"9":0,"10":0,"11":0,"12":0,"13":0,"14":0,"15":0,"16":0,"17":1},"f":{"0":0,"1":0,"2":0,"3":0,"4":0},"b":{},"_coverageSchema":"43e27e138ebf9cfc5966b082cf9a028302ed4184","hash":"0d3ac6325d482c06c7bf10c11e341c34e64ae238"}
,"/Users/ryanfiller/Dev/personal/portfolio-gatsby/src/components/layout/navicon.js": {"path":"/Users/ryanfiller/Dev/personal/portfolio-gatsby/src/components/layout/navicon.js","statementMap":{"0":{"start":{"line":9,"column":16},"end":{"line":24,"column":1}},"1":{"start":{"line":11,"column":12},"end":{"line":11,"column":34}},"2":{"start":{"line":13,"column":1},"end":{"line":23,"column":2}},"3":{"start":{"line":26,"column":22},"end":{"line":96,"column":1}},"4":{"start":{"line":42,"column":31},"end":{"line":42,"column":42}},"5":{"start":{"line":49,"column":33},"end":{"line":49,"column":45}},"6":{"start":{"line":76,"column":33},"end":{"line":76,"column":45}},"7":{"start":{"line":98,"column":0},"end":{"line":101,"column":2}}},"fnMap":{"0":{"name":"(anonymous_0)","decl":{"start":{"line":9,"column":16},"end":{"line":9,"column":17}},"loc":{"start":{"line":9,"column":27},"end":{"line":24,"column":1}},"line":9},"1":{"name":"(anonymous_1)","decl":{"start":{"line":42,"column":22},"end":{"line":42,"column":23}},"loc":{"start":{"line":42,"column":31},"end":{"line":42,"column":42}},"line":42},"2":{"name":"(anonymous_2)","decl":{"start":{"line":49,"column":24},"end":{"line":49,"column":25}},"loc":{"start":{"line":49,"column":33},"end":{"line":49,"column":45}},"line":49},"3":{"name":"(anonymous_3)","decl":{"start":{"line":76,"column":24},"end":{"line":76,"column":25}},"loc":{"start":{"line":76,"column":33},"end":{"line":76,"column":45}},"line":76}},"branchMap":{},"s":{"0":1,"1":0,"2":0,"3":1,"4":0,"5":0,"6":0,"7":1},"f":{"0":0,"1":0,"2":0,"3":0},"b":{},"_coverageSchema":"43e27e138ebf9cfc5966b082cf9a028302ed4184","hash":"e173a5826e517ed40883b3c72b2d2de76efd9779"}
,"/Users/ryanfiller/Dev/personal/portfolio-gatsby/src/components/layout/navigation.js": {"path":"/Users/ryanfiller/Dev/personal/portfolio-gatsby/src/components/layout/navigation.js","statementMap":{"0":{"start":{"line":11,"column":19},"end":{"line":43,"column":1}},"1":{"start":{"line":13,"column":13},"end":{"line":13,"column":35}},"2":{"start":{"line":15,"column":1},"end":{"line":42,"column":2}},"3":{"start":{"line":21,"column":4},"end":{"line":27,"column":5}},"4":{"start":{"line":22,"column":5},"end":{"line":22,"column":57}},"5":{"start":{"line":22,"column":21},"end":{"line":22,"column":55}},"6":{"start":{"line":23,"column":11},"end":{"line":27,"column":5}},"7":{"start":{"line":24,"column":5},"end":{"line":24,"column":31}},"8":{"start":{"line":26,"column":5},"end":{"line":26,"column":44}},"9":{"start":{"line":26,"column":21},"end":{"line":26,"column":42}},"10":{"start":{"line":29,"column":4},"end":{"line":39,"column":5}},"11":{"start":{"line":45,"column":0},"end":{"line":51,"column":2}},"12":{"start":{"line":53,"column":25},"end":{"line":119,"column":1}},"13":{"start":{"line":55,"column":19},"end":{"line":55,"column":30}},"14":{"start":{"line":57,"column":12},"end":{"line":60,"column":9}},"15":{"start":{"line":70,"column":13},"end":{"line":76,"column":10}},"16":{"start":{"line":78,"column":13},"end":{"line":84,"column":10}},"17":{"start":{"line":87,"column":21},"end":{"line":87,"column":33}},"18":{"start":{"line":92,"column":21},"end":{"line":92,"column":33}},"19":{"start":{"line":95,"column":33},"end":{"line":95,"column":45}},"20":{"start":{"line":95,"column":56},"end":{"line":95,"column":72}},"21":{"start":{"line":101,"column":22},"end":{"line":101,"column":33}},"22":{"start":{"line":107,"column":22},"end":{"line":107,"column":34}}},"fnMap":{"0":{"name":"(anonymous_0)","decl":{"start":{"line":11,"column":19},"end":{"line":11,"column":20}},"loc":{"start":{"line":11,"column":30},"end":{"line":43,"column":1}},"line":11},"1":{"name":"(anonymous_1)","decl":{"start":{"line":17,"column":15},"end":{"line":17,"column":16}},"loc":{"start":{"line":17,"column":25},"end":{"line":40,"column":4}},"line":17},"2":{"name":"(anonymous_2)","decl":{"start":{"line":22,"column":13},"end":{"line":22,"column":14}},"loc":{"start":{"line":22,"column":20},"end":{"line":22,"column":56}},"line":22},"3":{"name":"(anonymous_3)","decl":{"start":{"line":26,"column":13},"end":{"line":26,"column":14}},"loc":{"start":{"line":26,"column":20},"end":{"line":26,"column":43}},"line":26},"4":{"name":"(anonymous_4)","decl":{"start":{"line":55,"column":10},"end":{"line":55,"column":11}},"loc":{"start":{"line":55,"column":19},"end":{"line":55,"column":30}},"line":55},"5":{"name":"(anonymous_5)","decl":{"start":{"line":57,"column":3},"end":{"line":57,"column":4}},"loc":{"start":{"line":57,"column":12},"end":{"line":60,"column":9}},"line":57},"6":{"name":"(anonymous_6)","decl":{"start":{"line":70,"column":4},"end":{"line":70,"column":5}},"loc":{"start":{"line":70,"column":13},"end":{"line":76,"column":10}},"line":70},"7":{"name":"(anonymous_7)","decl":{"start":{"line":78,"column":4},"end":{"line":78,"column":5}},"loc":{"start":{"line":78,"column":13},"end":{"line":84,"column":10}},"line":78},"8":{"name":"(anonymous_8)","decl":{"start":{"line":87,"column":12},"end":{"line":87,"column":13}},"loc":{"start":{"line":87,"column":21},"end":{"line":87,"column":33}},"line":87},"9":{"name":"(anonymous_9)","decl":{"start":{"line":92,"column":12},"end":{"line":92,"column":13}},"loc":{"start":{"line":92,"column":21},"end":{"line":92,"column":33}},"line":92},"10":{"name":"(anonymous_10)","decl":{"start":{"line":95,"column":24},"end":{"line":95,"column":25}},"loc":{"start":{"line":95,"column":33},"end":{"line":95,"column":45}},"line":95},"11":{"name":"(anonymous_11)","decl":{"start":{"line":95,"column":47},"end":{"line":95,"column":48}},"loc":{"start":{"line":95,"column":56},"end":{"line":95,"column":72}},"line":95},"12":{"name":"(anonymous_12)","decl":{"start":{"line":101,"column":13},"end":{"line":101,"column":14}},"loc":{"start":{"line":101,"column":22},"end":{"line":101,"column":33}},"line":101},"13":{"name":"(anonymous_13)","decl":{"start":{"line":107,"column":13},"end":{"line":107,"column":14}},"loc":{"start":{"line":107,"column":22},"end":{"line":107,"column":34}},"line":107}},"branchMap":{"0":{"loc":{"start":{"line":21,"column":4},"end":{"line":27,"column":5}},"type":"if","locations":[{"start":{"line":21,"column":4},"end":{"line":27,"column":5}},{"start":{"line":21,"column":4},"end":{"line":27,"column":5}}],"line":21},"1":{"loc":{"start":{"line":23,"column":11},"end":{"line":27,"column":5}},"type":"if","locations":[{"start":{"line":23,"column":11},"end":{"line":27,"column":5}},{"start":{"line":23,"column":11},"end":{"line":27,"column":5}}],"line":23},"2":{"loc":{"start":{"line":31,"column":12},"end":{"line":31,"column":33}},"type":"binary-expr","locations":[{"start":{"line":31,"column":12},"end":{"line":31,"column":20}},{"start":{"line":31,"column":24},"end":{"line":31,"column":33}}],"line":31},"3":{"loc":{"start":{"line":35,"column":17},"end":{"line":35,"column":74}},"type":"cond-expr","locations":[{"start":{"line":35,"column":61},"end":{"line":35,"column":69}},{"start":{"line":35,"column":72},"end":{"line":35,"column":74}}],"line":35},"4":{"loc":{"start":{"line":57,"column":12},"end":{"line":60,"column":9}},"type":"cond-expr","locations":[{"start":{"line":57,"column":47},"end":{"line":60,"column":2}},{"start":{"line":60,"column":5},"end":{"line":60,"column":9}}],"line":57},"5":{"loc":{"start":{"line":70,"column":13},"end":{"line":76,"column":10}},"type":"cond-expr","locations":[{"start":{"line":70,"column":50},"end":{"line":76,"column":3}},{"start":{"line":76,"column":6},"end":{"line":76,"column":10}}],"line":70},"6":{"loc":{"start":{"line":78,"column":13},"end":{"line":84,"column":10}},"type":"cond-expr","locations":[{"start":{"line":78,"column":48},"end":{"line":84,"column":3}},{"start":{"line":84,"column":6},"end":{"line":84,"column":10}}],"line":78}},"s":{"0":1,"1":0,"2":0,"3":0,"4":0,"5":0,"6":0,"7":0,"8":0,"9":0,"10":0,"11":1,"12":1,"13":0,"14":0,"15":0,"16":0,"17":0,"18":0,"19":0,"20":0,"21":0,"22":0},"f":{"0":0,"1":0,"2":0,"3":0,"4":0,"5":0,"6":0,"7":0,"8":0,"9":0,"10":0,"11":0,"12":0,"13":0},"b":{"0":[0,0],"1":[0,0],"2":[0,0],"3":[0,0],"4":[0,0],"5":[0,0],"6":[0,0]},"_coverageSchema":"43e27e138ebf9cfc5966b082cf9a028302ed4184","hash":"4f1c01cd94c746baaa24a28ecc4a74bb8b72e435"}
,"/Users/ryanfiller/Dev/personal/portfolio-gatsby/src/components/layout/off-canvas.js": {"path":"/Users/ryanfiller/Dev/personal/portfolio-gatsby/src/components/layout/off-canvas.js","statementMap":{"0":{"start":{"line":13,"column":18},"end":{"line":37,"column":1}},"1":{"start":{"line":15,"column":15},"end":{"line":15,"column":39}},"2":{"start":{"line":16,"column":13},"end":{"line":16,"column":35}},"3":{"start":{"line":18,"column":1},"end":{"line":36,"column":3}},"4":{"start":{"line":39,"column":24},"end":{"line":70,"column":1}},"5":{"start":{"line":44,"column":30},"end":{"line":44,"column":49}}},"fnMap":{"0":{"name":"(anonymous_0)","decl":{"start":{"line":13,"column":18},"end":{"line":13,"column":19}},"loc":{"start":{"line":13,"column":29},"end":{"line":37,"column":1}},"line":13},"1":{"name":"(anonymous_1)","decl":{"start":{"line":44,"column":21},"end":{"line":44,"column":22}},"loc":{"start":{"line":44,"column":30},"end":{"line":44,"column":49}},"line":44}},"branchMap":{},"s":{"0":1,"1":0,"2":0,"3":0,"4":1,"5":0},"f":{"0":0,"1":0},"b":{},"_coverageSchema":"43e27e138ebf9cfc5966b082cf9a028302ed4184","hash":"0b96949603a94a804bcf830345a41c1cff608704"}
,"/Users/ryanfiller/Dev/personal/portfolio-gatsby/src/components/layout/overlay.js": {"path":"/Users/ryanfiller/Dev/personal/portfolio-gatsby/src/components/layout/overlay.js","statementMap":{"0":{"start":{"line":8,"column":16},"end":{"line":18,"column":1}},"1":{"start":{"line":10,"column":13},"end":{"line":10,"column":35}},"2":{"start":{"line":12,"column":1},"end":{"line":17,"column":2}},"3":{"start":{"line":20,"column":22},"end":{"line":36,"column":1}}},"fnMap":{"0":{"name":"(anonymous_0)","decl":{"start":{"line":8,"column":16},"end":{"line":8,"column":17}},"loc":{"start":{"line":8,"column":27},"end":{"line":18,"column":1}},"line":8}},"branchMap":{},"s":{"0":1,"1":0,"2":0,"3":1},"f":{"0":0},"b":{},"_coverageSchema":"43e27e138ebf9cfc5966b082cf9a028302ed4184","hash":"77482550c2427fb38fded93c6912944a492d5874"}
,"/Users/ryanfiller/Dev/personal/portfolio-gatsby/src/components/layout/page.js": {"path":"/Users/ryanfiller/Dev/personal/portfolio-gatsby/src/components/layout/page.js","statementMap":{"0":{"start":{"line":10,"column":13},"end":{"line":31,"column":1}},"1":{"start":{"line":12,"column":14},"end":{"line":12,"column":36}},"2":{"start":{"line":14,"column":2},"end":{"line":30,"column":3}}},"fnMap":{"0":{"name":"(anonymous_0)","decl":{"start":{"line":10,"column":13},"end":{"line":10,"column":14}},"loc":{"start":{"line":10,"column":24},"end":{"line":31,"column":1}},"line":10}},"branchMap":{"0":{"loc":{"start":{"line":16,"column":25},"end":{"line":16,"column":67}},"type":"cond-expr","locations":[{"start":{"line":16,"column":54},"end":{"line":16,"column":60}},{"start":{"line":16,"column":63},"end":{"line":16,"column":67}}],"line":16},"1":{"loc":{"start":{"line":22,"column":7},"end":{"line":22,"column":45}},"type":"cond-expr","locations":[{"start":{"line":22,"column":27},"end":{"line":22,"column":38}},{"start":{"line":22,"column":41},"end":{"line":22,"column":45}}],"line":22},"2":{"loc":{"start":{"line":25,"column":9},"end":{"line":25,"column":49}},"type":"cond-expr","locations":[{"start":{"line":25,"column":29},"end":{"line":25,"column":42}},{"start":{"line":25,"column":45},"end":{"line":25,"column":49}}],"line":25}},"s":{"0":1,"1":0,"2":0},"f":{"0":0},"b":{"0":[0,0],"1":[0,0],"2":[0,0]},"_coverageSchema":"43e27e138ebf9cfc5966b082cf9a028302ed4184","hash":"785bfcfa79aedeba09e2cff1df9e3cbb28482c3a"}
,"/Users/ryanfiller/Dev/personal/portfolio-gatsby/src/components/layout/skip-to-content.js": {"path":"/Users/ryanfiller/Dev/personal/portfolio-gatsby/src/components/layout/skip-to-content.js","statementMap":{"0":{"start":{"line":8,"column":22},"end":{"line":14,"column":1}},"1":{"start":{"line":9,"column":4},"end":{"line":13,"column":5}},"2":{"start":{"line":16,"column":28},"end":{"line":35,"column":1}}},"fnMap":{"0":{"name":"(anonymous_0)","decl":{"start":{"line":8,"column":22},"end":{"line":8,"column":23}},"loc":{"start":{"line":8,"column":33},"end":{"line":14,"column":1}},"line":8}},"branchMap":{},"s":{"0":1,"1":0,"2":1},"f":{"0":0},"b":{},"_coverageSchema":"43e27e138ebf9cfc5966b082cf9a028302ed4184","hash":"21658a912cc721b6b6953140a51762b17cd9a804"}
,"/Users/ryanfiller/Dev/personal/portfolio-gatsby/src/config/config.js": {"path":"/Users/ryanfiller/Dev/personal/portfolio-gatsby/src/config/config.js","statementMap":{"0":{"start":{"line":1,"column":21},"end":{"line":19,"column":1}},"1":{"start":{"line":21,"column":27},"end":{"line":58,"column":1}}},"fnMap":{},"branchMap":{},"s":{"0":1,"1":1},"f":{},"b":{},"_coverageSchema":"43e27e138ebf9cfc5966b082cf9a028302ed4184","hash":"ecd84cb0e4672889ff0b10320251bdcfd45bdc89"}
,"/Users/ryanfiller/Dev/personal/portfolio-gatsby/src/config/forms.js": {"path":"/Users/ryanfiller/Dev/personal/portfolio-gatsby/src/config/forms.js","statementMap":{"0":{"start":{"line":1,"column":27},"end":{"line":30,"column":1}}},"fnMap":{},"branchMap":{},"s":{"0":1},"f":{},"b":{},"_coverageSchema":"43e27e138ebf9cfc5966b082cf9a028302ed4184","hash":"61332bbedf1cdd319c3c7ec145b36f9585719f4a"}
,"/Users/ryanfiller/Dev/personal/portfolio-gatsby/src/config/styles.js": {"path":"/Users/ryanfiller/Dev/personal/portfolio-gatsby/src/config/styles.js","statementMap":{"0":{"start":{"line":3,"column":22},"end":{"line":12,"column":1}},"1":{"start":{"line":15,"column":21},"end":{"line":22,"column":1}},"2":{"start":{"line":24,"column":28},"end":{"line":32,"column":1}},"3":{"start":{"line":34,"column":16},"end":{"line":34,"column":24}},"4":{"start":{"line":35,"column":13},"end":{"line":35,"column":49}},"5":{"start":{"line":36,"column":8},"end":{"line":36,"column":30}},"6":{"start":{"line":37,"column":8},"end":{"line":37,"column":30}},"7":{"start":{"line":38,"column":8},"end":{"line":38,"column":30}},"8":{"start":{"line":39,"column":10},"end":{"line":46,"column":1}},"9":{"start":{"line":47,"column":14},"end":{"line":65,"column":1}},"10":{"start":{"line":48,"column":4},"end":{"line":64,"column":6}},"11":{"start":{"line":67,"column":24},"end":{"line":92,"column":1}},"12":{"start":{"line":94,"column":22},"end":{"line":138,"column":1}},"13":{"start":{"line":96,"column":4},"end":{"line":137,"column":5}},"14":{"start":{"line":140,"column":0},"end":{"line":140,"column":37}},"15":{"start":{"line":141,"column":0},"end":{"line":141,"column":35}},"16":{"start":{"line":143,"column":21},"end":{"line":181,"column":1}},"17":{"start":{"line":145,"column":8},"end":{"line":148,"column":10}},"18":{"start":{"line":152,"column":8},"end":{"line":155,"column":10}},"19":{"start":{"line":159,"column":8},"end":{"line":165,"column":9}},"20":{"start":{"line":169,"column":8},"end":{"line":179,"column":9}},"21":{"start":{"line":183,"column":26},"end":{"line":183,"column":29}},"22":{"start":{"line":185,"column":27},"end":{"line":189,"column":1}},"23":{"start":{"line":191,"column":28},"end":{"line":191,"column":34}},"24":{"start":{"line":192,"column":24},"end":{"line":192,"column":42}},"25":{"start":{"line":194,"column":22},"end":{"line":226,"column":1}},"26":{"start":{"line":196,"column":8},"end":{"line":200,"column":9}},"27":{"start":{"line":204,"column":8},"end":{"line":208,"column":9}},"28":{"start":{"line":212,"column":8},"end":{"line":216,"column":9}},"29":{"start":{"line":220,"column":8},"end":{"line":224,"column":9}},"30":{"start":{"line":228,"column":23},"end":{"line":228,"column":29}},"31":{"start":{"line":230,"column":26},"end":{"line":244,"column":1}},"32":{"start":{"line":232,"column":8},"end":{"line":235,"column":10}},"33":{"start":{"line":238,"column":8},"end":{"line":242,"column":10}},"34":{"start":{"line":248,"column":16},"end":{"line":248,"column":18}},"35":{"start":{"line":250,"column":4},"end":{"line":260,"column":5}},"36":{"start":{"line":250,"column":17},"end":{"line":250,"column":18}},"37":{"start":{"line":252,"column":22},"end":{"line":252,"column":57}},"38":{"start":{"line":253,"column":22},"end":{"line":253,"column":57}},"39":{"start":{"line":255,"column":8},"end":{"line":259,"column":10}},"40":{"start":{"line":262,"column":4},"end":{"line":262,"column":26}},"41":{"start":{"line":265,"column":26},"end":{"line":339,"column":1}},"42":{"start":{"line":268,"column":8},"end":{"line":268,"column":37}},"43":{"start":{"line":269,"column":8},"end":{"line":269,"column":47}},"44":{"start":{"line":270,"column":8},"end":{"line":302,"column":9}},"45":{"start":{"line":306,"column":8},"end":{"line":306,"column":40}},"46":{"start":{"line":307,"column":8},"end":{"line":307,"column":50}},"47":{"start":{"line":308,"column":8},"end":{"line":308,"column":58}},"48":{"start":{"line":309,"column":8},"end":{"line":321,"column":9}},"49":{"start":{"line":325,"column":8},"end":{"line":337,"column":9}}},"fnMap":{"0":{"name":"(anonymous_0)","decl":{"start":{"line":47,"column":14},"end":{"line":47,"column":15}},"loc":{"start":{"line":47,"column":26},"end":{"line":65,"column":1}},"line":47},"1":{"name":"(anonymous_1)","decl":{"start":{"line":94,"column":22},"end":{"line":94,"column":23}},"loc":{"start":{"line":94,"column":45},"end":{"line":138,"column":1}},"line":94},"2":{"name":"(anonymous_2)","decl":{"start":{"line":144,"column":15},"end":{"line":144,"column":16}},"loc":{"start":{"line":144,"column":21},"end":{"line":149,"column":5}},"line":144},"3":{"name":"(anonymous_3)","decl":{"start":{"line":151,"column":15},"end":{"line":151,"column":16}},"loc":{"start":{"line":151,"column":21},"end":{"line":156,"column":5}},"line":151},"4":{"name":"(anonymous_4)","decl":{"start":{"line":158,"column":16},"end":{"line":158,"column":17}},"loc":{"start":{"line":158,"column":39},"end":{"line":166,"column":5}},"line":158},"5":{"name":"(anonymous_5)","decl":{"start":{"line":168,"column":11},"end":{"line":168,"column":12}},"loc":{"start":{"line":168,"column":37},"end":{"line":180,"column":5}},"line":168},"6":{"name":"(anonymous_6)","decl":{"start":{"line":195,"column":11},"end":{"line":195,"column":12}},"loc":{"start":{"line":195,"column":23},"end":{"line":201,"column":5}},"line":195},"7":{"name":"(anonymous_7)","decl":{"start":{"line":203,"column":12},"end":{"line":203,"column":13}},"loc":{"start":{"line":203,"column":24},"end":{"line":209,"column":5}},"line":203},"8":{"name":"(anonymous_8)","decl":{"start":{"line":211,"column":13},"end":{"line":211,"column":14}},"loc":{"start":{"line":211,"column":25},"end":{"line":217,"column":5}},"line":211},"9":{"name":"(anonymous_9)","decl":{"start":{"line":219,"column":18},"end":{"line":219,"column":19}},"loc":{"start":{"line":219,"column":30},"end":{"line":225,"column":5}},"line":219},"10":{"name":"(anonymous_10)","decl":{"start":{"line":231,"column":15},"end":{"line":231,"column":16}},"loc":{"start":{"line":231,"column":21},"end":{"line":236,"column":5}},"line":231},"11":{"name":"(anonymous_11)","decl":{"start":{"line":237,"column":14},"end":{"line":237,"column":15}},"loc":{"start":{"line":237,"column":20},"end":{"line":243,"column":5}},"line":237},"12":{"name":"glitchAnimation","decl":{"start":{"line":246,"column":9},"end":{"line":246,"column":24}},"loc":{"start":{"line":246,"column":27},"end":{"line":263,"column":1}},"line":246},"13":{"name":"(anonymous_13)","decl":{"start":{"line":267,"column":12},"end":{"line":267,"column":13}},"loc":{"start":{"line":267,"column":35},"end":{"line":303,"column":5}},"line":267},"14":{"name":"(anonymous_14)","decl":{"start":{"line":305,"column":15},"end":{"line":305,"column":16}},"loc":{"start":{"line":305,"column":55},"end":{"line":322,"column":5}},"line":305},"15":{"name":"(anonymous_15)","decl":{"start":{"line":324,"column":12},"end":{"line":324,"column":13}},"loc":{"start":{"line":324,"column":18},"end":{"line":338,"column":5}},"line":324}},"branchMap":{"0":{"loc":{"start":{"line":94,"column":23},"end":{"line":94,"column":40}},"type":"default-arg","locations":[{"start":{"line":94,"column":33},"end":{"line":94,"column":40}}],"line":94},"1":{"loc":{"start":{"line":121,"column":10},"end":{"line":136,"column":16}},"type":"cond-expr","locations":[{"start":{"line":121,"column":33},"end":{"line":136,"column":9}},{"start":{"line":136,"column":12},"end":{"line":136,"column":16}}],"line":121},"2":{"loc":{"start":{"line":158,"column":17},"end":{"line":158,"column":34}},"type":"default-arg","locations":[{"start":{"line":158,"column":27},"end":{"line":158,"column":34}}],"line":158},"3":{"loc":{"start":{"line":268,"column":16},"end":{"line":268,"column":37}},"type":"binary-expr","locations":[{"start":{"line":268,"column":16},"end":{"line":268,"column":21}},{"start":{"line":268,"column":25},"end":{"line":268,"column":37}}],"line":268},"4":{"loc":{"start":{"line":269,"column":21},"end":{"line":269,"column":47}},"type":"binary-expr","locations":[{"start":{"line":269,"column":21},"end":{"line":269,"column":31}},{"start":{"line":269,"column":35},"end":{"line":269,"column":47}}],"line":269},"5":{"loc":{"start":{"line":306,"column":16},"end":{"line":306,"column":40}},"type":"binary-expr","locations":[{"start":{"line":306,"column":16},"end":{"line":306,"column":21}},{"start":{"line":306,"column":25},"end":{"line":306,"column":40}}],"line":306},"6":{"loc":{"start":{"line":307,"column":21},"end":{"line":307,"column":50}},"type":"binary-expr","locations":[{"start":{"line":307,"column":21},"end":{"line":307,"column":31}},{"start":{"line":307,"column":35},"end":{"line":307,"column":50}}],"line":307},"7":{"loc":{"start":{"line":308,"column":26},"end":{"line":308,"column":58}},"type":"binary-expr","locations":[{"start":{"line":308,"column":26},"end":{"line":308,"column":41}},{"start":{"line":308,"column":45},"end":{"line":308,"column":58}}],"line":308}},"s":{"0":1,"1":1,"2":1,"3":1,"4":1,"5":1,"6":1,"7":1,"8":1,"9":1,"10":4,"11":1,"12":1,"13":0,"14":1,"15":1,"16":1,"17":2,"18":2,"19":0,"20":0,"21":1,"22":1,"23":1,"24":1,"25":1,"26":4,"27":4,"28":0,"29":0,"30":1,"31":1,"32":1,"33":0,"34":2,"35":2,"36":2,"37":42,"38":42,"39":42,"40":2,"41":1,"42":1,"43":1,"44":1,"45":0,"46":0,"47":0,"48":0,"49":0},"f":{"0":4,"1":0,"2":2,"3":2,"4":0,"5":0,"6":4,"7":4,"8":0,"9":0,"10":1,"11":0,"12":2,"13":1,"14":0,"15":0},"b":{"0":[0],"1":[0,0],"2":[0],"3":[1,0],"4":[1,0],"5":[0,0],"6":[0,0],"7":[0,0]},"_coverageSchema":"43e27e138ebf9cfc5966b082cf9a028302ed4184","hash":"69829e63e8531bb7d59c28b342c00cc673ecdb83"}
,"/Users/ryanfiller/Dev/personal/portfolio-gatsby/src/helpers/helpers.js": {"path":"/Users/ryanfiller/Dev/personal/portfolio-gatsby/src/helpers/helpers.js","statementMap":{"0":{"start":{"line":3,"column":4},"end":{"line":8,"column":24}},"1":{"start":{"line":14,"column":23},"end":{"line":14,"column":56}},"2":{"start":{"line":15,"column":23},"end":{"line":15,"column":56}},"3":{"start":{"line":17,"column":4},"end":{"line":21,"column":5}},"4":{"start":{"line":18,"column":8},"end":{"line":18,"column":33}},"5":{"start":{"line":20,"column":8},"end":{"line":20,"column":33}},"6":{"start":{"line":23,"column":23},"end":{"line":29,"column":5}},"7":{"start":{"line":24,"column":20},"end":{"line":24,"column":22}},"8":{"start":{"line":25,"column":8},"end":{"line":27,"column":9}},"9":{"start":{"line":25,"column":19},"end":{"line":25,"column":20}},"10":{"start":{"line":26,"column":12},"end":{"line":26,"column":47}},"11":{"start":{"line":28,"column":8},"end":{"line":28,"column":21}},"12":{"start":{"line":31,"column":20},"end":{"line":31,"column":45}},"13":{"start":{"line":32,"column":20},"end":{"line":32,"column":45}},"14":{"start":{"line":34,"column":17},"end":{"line":34,"column":19}},"15":{"start":{"line":36,"column":4},"end":{"line":41,"column":5}},"16":{"start":{"line":36,"column":15},"end":{"line":36,"column":16}},"17":{"start":{"line":37,"column":7},"end":{"line":40,"column":8}},"18":{"start":{"line":43,"column":4},"end":{"line":43,"column":18}},"19":{"start":{"line":48,"column":16},"end":{"line":48,"column":46}},"20":{"start":{"line":49,"column":18},"end":{"line":49,"column":40}},"21":{"start":{"line":51,"column":4},"end":{"line":54,"column":6}},"22":{"start":{"line":59,"column":17},"end":{"line":59,"column":19}},"23":{"start":{"line":61,"column":4},"end":{"line":63,"column":6}},"24":{"start":{"line":62,"column":8},"end":{"line":62,"column":34}},"25":{"start":{"line":65,"column":4},"end":{"line":65,"column":18}},"26":{"start":{"line":70,"column":24},"end":{"line":70,"column":28}},"27":{"start":{"line":72,"column":4},"end":{"line":77,"column":7}},"28":{"start":{"line":73,"column":8},"end":{"line":75,"column":9}},"29":{"start":{"line":74,"column":12},"end":{"line":74,"column":41}},"30":{"start":{"line":76,"column":8},"end":{"line":76,"column":36}},"31":{"start":{"line":79,"column":4},"end":{"line":79,"column":25}},"32":{"start":{"line":83,"column":4},"end":{"line":83,"column":61}},"33":{"start":{"line":88,"column":20},"end":{"line":88,"column":93}},"34":{"start":{"line":88,"column":55},"end":{"line":88,"column":91}},"35":{"start":{"line":90,"column":16},"end":{"line":90,"column":18}},"36":{"start":{"line":92,"column":4},"end":{"line":137,"column":6}},"37":{"start":{"line":97,"column":23},"end":{"line":101,"column":19}},"38":{"start":{"line":98,"column":12},"end":{"line":98,"column":41}},"39":{"start":{"line":100,"column":12},"end":{"line":100,"column":40}},"40":{"start":{"line":106,"column":24},"end":{"line":108,"column":13}},"41":{"start":{"line":107,"column":12},"end":{"line":107,"column":43}},"42":{"start":{"line":111,"column":32},"end":{"line":113,"column":13}},"43":{"start":{"line":112,"column":12},"end":{"line":112,"column":43}},"44":{"start":{"line":116,"column":23},"end":{"line":116,"column":88}},"45":{"start":{"line":118,"column":20},"end":{"line":120,"column":13}},"46":{"start":{"line":119,"column":12},"end":{"line":119,"column":42}},"47":{"start":{"line":124,"column":8},"end":{"line":136,"column":10}},"48":{"start":{"line":139,"column":4},"end":{"line":139,"column":17}},"49":{"start":{"line":144,"column":18},"end":{"line":146,"column":6}},"50":{"start":{"line":145,"column":8},"end":{"line":145,"column":37}},"51":{"start":{"line":148,"column":4},"end":{"line":148,"column":32}},"52":{"start":{"line":151,"column":17},"end":{"line":151,"column":36}},"53":{"start":{"line":154,"column":23},"end":{"line":154,"column":25}},"54":{"start":{"line":157,"column":8},"end":{"line":161,"column":9}},"55":{"start":{"line":158,"column":12},"end":{"line":158,"column":62}},"56":{"start":{"line":160,"column":12},"end":{"line":160,"column":58}},"57":{"start":{"line":165,"column":23},"end":{"line":165,"column":63}},"58":{"start":{"line":167,"column":8},"end":{"line":181,"column":9}},"59":{"start":{"line":168,"column":12},"end":{"line":173,"column":13}},"60":{"start":{"line":169,"column":16},"end":{"line":169,"column":31}},"61":{"start":{"line":171,"column":16},"end":{"line":171,"column":44}},"62":{"start":{"line":172,"column":16},"end":{"line":172,"column":23}},"63":{"start":{"line":175,"column":12},"end":{"line":180,"column":13}},"64":{"start":{"line":176,"column":16},"end":{"line":176,"column":31}},"65":{"start":{"line":178,"column":16},"end":{"line":178,"column":44}},"66":{"start":{"line":179,"column":16},"end":{"line":179,"column":23}},"67":{"start":{"line":184,"column":4},"end":{"line":186,"column":5}},"68":{"start":{"line":184,"column":17},"end":{"line":184,"column":18}},"69":{"start":{"line":185,"column":8},"end":{"line":185,"column":23}},"70":{"start":{"line":188,"column":4},"end":{"line":188,"column":24}},"71":{"start":{"line":191,"column":0},"end":{"line":201,"column":2}}},"fnMap":{"0":{"name":"slugify","decl":{"start":{"line":2,"column":9},"end":{"line":2,"column":16}},"loc":{"start":{"line":2,"column":25},"end":{"line":9,"column":1}},"line":2},"1":{"name":"arrayZip","decl":{"start":{"line":11,"column":9},"end":{"line":11,"column":17}},"loc":{"start":{"line":11,"column":57},"end":{"line":44,"column":1}},"line":11},"2":{"name":"(anonymous_2)","decl":{"start":{"line":23,"column":23},"end":{"line":23,"column":24}},"loc":{"start":{"line":23,"column":40},"end":{"line":29,"column":5}},"line":23},"3":{"name":"getParent","decl":{"start":{"line":46,"column":9},"end":{"line":46,"column":18}},"loc":{"start":{"line":46,"column":29},"end":{"line":55,"column":1}},"line":46},"4":{"name":"initialFormState","decl":{"start":{"line":57,"column":9},"end":{"line":57,"column":25}},"loc":{"start":{"line":57,"column":32},"end":{"line":66,"column":1}},"line":57},"5":{"name":"(anonymous_5)","decl":{"start":{"line":61,"column":27},"end":{"line":61,"column":28}},"loc":{"start":{"line":61,"column":38},"end":{"line":63,"column":5}},"line":61},"6":{"name":"disableFormButton","decl":{"start":{"line":68,"column":9},"end":{"line":68,"column":26}},"loc":{"start":{"line":68,"column":42},"end":{"line":80,"column":1}},"line":68},"7":{"name":"(anonymous_7)","decl":{"start":{"line":72,"column":28},"end":{"line":72,"column":29}},"loc":{"start":{"line":72,"column":39},"end":{"line":77,"column":5}},"line":72},"8":{"name":"randomNumber","decl":{"start":{"line":82,"column":9},"end":{"line":82,"column":21}},"loc":{"start":{"line":82,"column":32},"end":{"line":84,"column":1}},"line":82},"9":{"name":"formatPortfolioObject","decl":{"start":{"line":86,"column":9},"end":{"line":86,"column":30}},"loc":{"start":{"line":86,"column":40},"end":{"line":140,"column":1}},"line":86},"10":{"name":"(anonymous_10)","decl":{"start":{"line":88,"column":44},"end":{"line":88,"column":45}},"loc":{"start":{"line":88,"column":55},"end":{"line":88,"column":91}},"line":88},"11":{"name":"(anonymous_11)","decl":{"start":{"line":92,"column":16},"end":{"line":92,"column":17}},"loc":{"start":{"line":92,"column":44},"end":{"line":137,"column":5}},"line":92},"12":{"name":"(anonymous_12)","decl":{"start":{"line":97,"column":56},"end":{"line":97,"column":57}},"loc":{"start":{"line":97,"column":67},"end":{"line":99,"column":9}},"line":97},"13":{"name":"(anonymous_13)","decl":{"start":{"line":99,"column":31},"end":{"line":99,"column":32}},"loc":{"start":{"line":99,"column":42},"end":{"line":101,"column":9}},"line":99},"14":{"name":"(anonymous_14)","decl":{"start":{"line":106,"column":57},"end":{"line":106,"column":58}},"loc":{"start":{"line":106,"column":68},"end":{"line":108,"column":9}},"line":106},"15":{"name":"(anonymous_15)","decl":{"start":{"line":111,"column":57},"end":{"line":111,"column":58}},"loc":{"start":{"line":111,"column":68},"end":{"line":113,"column":9}},"line":111},"16":{"name":"(anonymous_16)","decl":{"start":{"line":118,"column":53},"end":{"line":118,"column":54}},"loc":{"start":{"line":118,"column":64},"end":{"line":120,"column":9}},"line":118},"17":{"name":"getOwnHeaderIndex","decl":{"start":{"line":142,"column":9},"end":{"line":142,"column":26}},"loc":{"start":{"line":142,"column":42},"end":{"line":149,"column":1}},"line":142},"18":{"name":"(anonymous_18)","decl":{"start":{"line":144,"column":32},"end":{"line":144,"column":33}},"loc":{"start":{"line":144,"column":42},"end":{"line":146,"column":5}},"line":144},"19":{"name":"colorizeBlocks","decl":{"start":{"line":153,"column":9},"end":{"line":153,"column":23}},"loc":{"start":{"line":153,"column":67},"end":{"line":189,"column":1}},"line":153},"20":{"name":"modifyColor","decl":{"start":{"line":156,"column":13},"end":{"line":156,"column":24}},"loc":{"start":{"line":156,"column":35},"end":{"line":162,"column":5}},"line":156},"21":{"name":"setNewColor","decl":{"start":{"line":164,"column":13},"end":{"line":164,"column":24}},"loc":{"start":{"line":164,"column":28},"end":{"line":182,"column":5}},"line":164}},"branchMap":{"0":{"loc":{"start":{"line":11,"column":34},"end":{"line":11,"column":43}},"type":"default-arg","locations":[{"start":{"line":11,"column":42},"end":{"line":11,"column":43}}],"line":11},"1":{"loc":{"start":{"line":11,"column":45},"end":{"line":11,"column":54}},"type":"default-arg","locations":[{"start":{"line":11,"column":53},"end":{"line":11,"column":54}}],"line":11},"2":{"loc":{"start":{"line":17,"column":4},"end":{"line":21,"column":5}},"type":"if","locations":[{"start":{"line":17,"column":4},"end":{"line":21,"column":5}},{"start":{"line":17,"column":4},"end":{"line":21,"column":5}}],"line":17},"3":{"loc":{"start":{"line":73,"column":8},"end":{"line":75,"column":9}},"type":"if","locations":[{"start":{"line":73,"column":8},"end":{"line":75,"column":9}},{"start":{"line":73,"column":8},"end":{"line":75,"column":9}}],"line":73},"4":{"loc":{"start":{"line":73,"column":12},"end":{"line":73,"column":57}},"type":"binary-expr","locations":[{"start":{"line":73,"column":12},"end":{"line":73,"column":34}},{"start":{"line":73,"column":38},"end":{"line":73,"column":57}}],"line":73},"5":{"loc":{"start":{"line":153,"column":53},"end":{"line":153,"column":65}},"type":"default-arg","locations":[{"start":{"line":153,"column":64},"end":{"line":153,"column":65}}],"line":153},"6":{"loc":{"start":{"line":157,"column":8},"end":{"line":161,"column":9}},"type":"if","locations":[{"start":{"line":157,"column":8},"end":{"line":161,"column":9}},{"start":{"line":157,"column":8},"end":{"line":161,"column":9}}],"line":157},"7":{"loc":{"start":{"line":167,"column":8},"end":{"line":181,"column":9}},"type":"if","locations":[{"start":{"line":167,"column":8},"end":{"line":181,"column":9}},{"start":{"line":167,"column":8},"end":{"line":181,"column":9}}],"line":167},"8":{"loc":{"start":{"line":168,"column":12},"end":{"line":173,"column":13}},"type":"if","locations":[{"start":{"line":168,"column":12},"end":{"line":173,"column":13}},{"start":{"line":168,"column":12},"end":{"line":173,"column":13}}],"line":168},"9":{"loc":{"start":{"line":175,"column":12},"end":{"line":180,"column":13}},"type":"if","locations":[{"start":{"line":175,"column":12},"end":{"line":180,"column":13}},{"start":{"line":175,"column":12},"end":{"line":180,"column":13}}],"line":175}},"s":{"0":0,"1":0,"2":0,"3":0,"4":0,"5":0,"6":0,"7":0,"8":0,"9":0,"10":0,"11":0,"12":0,"13":0,"14":0,"15":0,"16":0,"17":0,"18":0,"19":0,"20":0,"21":0,"22":0,"23":0,"24":0,"25":0,"26":0,"27":0,"28":0,"29":0,"30":0,"31":0,"32":0,"33":0,"34":0,"35":0,"36":0,"37":0,"38":0,"39":0,"40":0,"41":0,"42":0,"43":0,"44":0,"45":0,"46":0,"47":0,"48":0,"49":0,"50":0,"51":0,"52":1,"53":0,"54":0,"55":0,"56":0,"57":0,"58":0,"59":0,"60":0,"61":0,"62":0,"63":0,"64":0,"65":0,"66":0,"67":0,"68":0,"69":0,"70":0,"71":1},"f":{"0":0,"1":0,"2":0,"3":0,"4":0,"5":0,"6":0,"7":0,"8":0,"9":0,"10":0,"11":0,"12":0,"13":0,"14":0,"15":0,"16":0,"17":0,"18":0,"19":0,"20":0,"21":0},"b":{"0":[0],"1":[0],"2":[0,0],"3":[0,0],"4":[0,0],"5":[0],"6":[0,0],"7":[0,0],"8":[0,0],"9":[0,0]},"_coverageSchema":"43e27e138ebf9cfc5966b082cf9a028302ed4184","hash":"818d1ed39515e93ec7e413bd0233e6b1b342c1e0"}
}
