TN:
SF:/Users/ryanfiller/Dev/personal/portfolio-gatsby/src/components/buttons.js
FN:7,(anonymous_0)
FN:48,(anonymous_1)
FN:49,(anonymous_2)
FN:53,(anonymous_3)
FNF:4
FNH:0
FNDA:0,(anonymous_0)
FNDA:0,(anonymous_1)
FNDA:0,(anonymous_2)
FNDA:0,(anonymous_3)
DA:7,1
DA:13,0
DA:15,0
DA:28,1
DA:37,1
DA:48,0
DA:49,0
DA:53,0
LF:8
LH:3
BRDA:48,0,0,0
BRDA:48,0,1,0
BRDA:49,1,0,0
BRDA:49,1,1,0
BRDA:53,2,0,0
BRDA:53,2,1,0
BRF:6
BRH:0
end_of_record
TN:
SF:/Users/ryanfiller/Dev/personal/portfolio-gatsby/src/components/form.js
FN:13,(anonymous_0)
FN:21,(anonymous_1)
FN:28,(anonymous_2)
FN:30,(anonymous_3)
FN:34,(anonymous_4)
FN:41,(anonymous_5)
FN:42,(anonymous_6)
FN:45,(anonymous_7)
FN:65,(anonymous_8)
FN:146,(anonymous_9)
FN:147,(anonymous_10)
FN:161,(anonymous_11)
FN:181,(anonymous_12)
FN:204,(anonymous_13)
FNF:14
FNH:0
FNDA:0,(anonymous_0)
FNDA:0,(anonymous_1)
FNDA:0,(anonymous_2)
FNDA:0,(anonymous_3)
FNDA:0,(anonymous_4)
FNDA:0,(anonymous_5)
FNDA:0,(anonymous_6)
FNDA:0,(anonymous_7)
FNDA:0,(anonymous_8)
FNDA:0,(anonymous_9)
FNDA:0,(anonymous_10)
FNDA:0,(anonymous_11)
FNDA:0,(anonymous_12)
FNDA:0,(anonymous_13)
DA:11,1
DA:13,1
DA:15,0
DA:16,0
DA:18,0
DA:19,0
DA:21,0
DA:22,0
DA:28,0
DA:29,0
DA:30,0
DA:34,0
DA:35,0
DA:36,0
DA:41,0
DA:42,0
DA:45,0
DA:46,0
DA:47,0
DA:50,0
DA:67,0
DA:69,0
DA:74,0
DA:112,1
DA:146,0
DA:147,0
DA:161,0
DA:181,0
DA:204,0
DA:214,1
LF:30
LH:4
BRDA:52,0,0,0
BRDA:52,0,1,0
BRDA:69,1,0,0
BRDA:69,1,1,0
BRDA:71,2,0,0
BRDA:71,2,1,0
BRDA:81,3,0,0
BRDA:81,3,1,0
BRDA:146,4,0,0
BRDA:146,4,1,0
BRDA:147,5,0,0
BRDA:147,5,1,0
BRDA:161,6,0,0
BRDA:161,6,1,0
BRDA:181,7,0,0
BRDA:181,7,1,0
BRF:16
BRH:0
end_of_record
TN:
SF:/Users/ryanfiller/Dev/personal/portfolio-gatsby/src/components/logo.js
FN:15,(anonymous_0)
FN:41,(anonymous_1)
FN:45,(anonymous_2)
FN:65,(anonymous_3)
FN:69,(anonymous_4)
FNF:5
FNH:5
FNDA:1,(anonymous_0)
FNDA:1,(anonymous_1)
FNDA:1,(anonymous_2)
FNDA:1,(anonymous_3)
FNDA:1,(anonymous_4)
DA:15,1
DA:17,1
DA:27,1
DA:41,1
DA:45,1
DA:65,1
DA:69,1
DA:97,1
LF:8
LH:8
BRF:0
BRH:0
end_of_record
TN:
SF:/Users/ryanfiller/Dev/personal/portfolio-gatsby/src/components/layout/global-styles.js
FN:12,(anonymous_0)
FN:28,(anonymous_1)
FN:29,(anonymous_2)
FN:68,(anonymous_3)
FN:88,(anonymous_4)
FNF:5
FNH:0
FNDA:0,(anonymous_0)
FNDA:0,(anonymous_1)
FNDA:0,(anonymous_2)
FNDA:0,(anonymous_3)
FNDA:0,(anonymous_4)
DA:7,1
DA:12,0
DA:28,0
DA:29,0
DA:68,0
DA:88,1
LF:6
LH:2
BRF:0
BRH:0
end_of_record
TN:
SF:/Users/ryanfiller/Dev/personal/portfolio-gatsby/src/components/layout/header.js
FN:13,(anonymous_0)
FN:34,(anonymous_1)
FNF:2
FNH:2
FNDA:1,(anonymous_0)
FNDA:1,(anonymous_1)
DA:13,1
DA:14,1
DA:16,1
DA:18,1
DA:33,1
DA:35,1
LF:6
LH:6
BRDA:20,0,0,0
BRDA:20,0,1,1
BRDA:35,1,0,1
BRDA:35,1,1,0
BRF:4
BRH:2
end_of_record
TN:
SF:/Users/ryanfiller/Dev/personal/portfolio-gatsby/src/components/layout/layout.js
FN:14,(anonymous_0)
FN:20,(anonymous_1)
FN:32,(anonymous_2)
FN:37,(anonymous_3)
FN:45,(anonymous_4)
FNF:5
FNH:0
FNDA:0,(anonymous_0)
FNDA:0,(anonymous_1)
FNDA:0,(anonymous_2)
FNDA:0,(anonymous_3)
FNDA:0,(anonymous_4)
DA:11,1
DA:12,1
DA:14,1
DA:16,0
DA:18,0
DA:20,0
DA:21,0
DA:22,0
DA:32,0
DA:33,0
DA:34,0
DA:37,0
DA:38,0
DA:39,0
DA:40,0
DA:43,0
DA:45,0
DA:65,1
LF:18
LH:4
BRF:0
BRH:0
end_of_record
TN:
SF:/Users/ryanfiller/Dev/personal/portfolio-gatsby/src/components/layout/navicon.js
FN:9,(anonymous_0)
FN:42,(anonymous_1)
FN:49,(anonymous_2)
FN:76,(anonymous_3)
FNF:4
FNH:0
FNDA:0,(anonymous_0)
FNDA:0,(anonymous_1)
FNDA:0,(anonymous_2)
FNDA:0,(anonymous_3)
DA:9,1
DA:11,0
DA:13,0
DA:26,1
DA:42,0
DA:49,0
DA:76,0
DA:98,1
LF:8
LH:3
BRF:0
BRH:0
end_of_record
TN:
SF:/Users/ryanfiller/Dev/personal/portfolio-gatsby/src/components/layout/navigation.js
FN:11,(anonymous_0)
FN:17,(anonymous_1)
FN:22,(anonymous_2)
FN:26,(anonymous_3)
FN:55,(anonymous_4)
FN:57,(anonymous_5)
FN:70,(anonymous_6)
FN:78,(anonymous_7)
FN:87,(anonymous_8)
FN:92,(anonymous_9)
FN:95,(anonymous_10)
FN:95,(anonymous_11)
FN:101,(anonymous_12)
FN:107,(anonymous_13)
FNF:14
FNH:0
FNDA:0,(anonymous_0)
FNDA:0,(anonymous_1)
FNDA:0,(anonymous_2)
FNDA:0,(anonymous_3)
FNDA:0,(anonymous_4)
FNDA:0,(anonymous_5)
FNDA:0,(anonymous_6)
FNDA:0,(anonymous_7)
FNDA:0,(anonymous_8)
FNDA:0,(anonymous_9)
FNDA:0,(anonymous_10)
FNDA:0,(anonymous_11)
FNDA:0,(anonymous_12)
FNDA:0,(anonymous_13)
DA:11,1
DA:13,0
DA:15,0
DA:21,0
DA:22,0
DA:23,0
DA:24,0
DA:26,0
DA:29,0
DA:45,1
DA:53,1
DA:55,0
DA:57,0
DA:70,0
DA:78,0
DA:87,0
DA:92,0
DA:95,0
DA:101,0
DA:107,0
LF:20
LH:3
BRDA:21,0,0,0
BRDA:21,0,1,0
BRDA:23,1,0,0
BRDA:23,1,1,0
BRDA:31,2,0,0
BRDA:31,2,1,0
BRDA:35,3,0,0
BRDA:35,3,1,0
BRDA:57,4,0,0
BRDA:57,4,1,0
BRDA:70,5,0,0
BRDA:70,5,1,0
BRDA:78,6,0,0
BRDA:78,6,1,0
BRF:14
BRH:0
end_of_record
TN:
SF:/Users/ryanfiller/Dev/personal/portfolio-gatsby/src/components/layout/off-canvas.js
FN:13,(anonymous_0)
FN:44,(anonymous_1)
FNF:2
FNH:0
FNDA:0,(anonymous_0)
FNDA:0,(anonymous_1)
DA:13,1
DA:15,0
DA:16,0
DA:18,0
DA:39,1
DA:44,0
LF:6
LH:2
BRF:0
BRH:0
end_of_record
TN:
SF:/Users/ryanfiller/Dev/personal/portfolio-gatsby/src/components/layout/overlay.js
FN:8,(anonymous_0)
FNF:1
FNH:0
FNDA:0,(anonymous_0)
DA:8,1
DA:10,0
DA:12,0
DA:20,1
LF:4
LH:2
BRF:0
BRH:0
end_of_record
TN:
SF:/Users/ryanfiller/Dev/personal/portfolio-gatsby/src/components/layout/page.js
FN:10,(anonymous_0)
FNF:1
FNH:0
FNDA:0,(anonymous_0)
DA:10,1
DA:12,0
DA:14,0
LF:3
LH:1
BRDA:16,0,0,0
BRDA:16,0,1,0
BRDA:22,1,0,0
BRDA:22,1,1,0
BRDA:25,2,0,0
BRDA:25,2,1,0
BRF:6
BRH:0
end_of_record
TN:
SF:/Users/ryanfiller/Dev/personal/portfolio-gatsby/src/components/layout/skip-to-content.js
FN:8,(anonymous_0)
FNF:1
FNH:0
FNDA:0,(anonymous_0)
DA:8,1
DA:9,0
DA:16,1
LF:3
LH:2
BRF:0
BRH:0
end_of_record
TN:
SF:/Users/ryanfiller/Dev/personal/portfolio-gatsby/src/config/config.js
FNF:0
FNH:0
DA:1,1
DA:21,1
LF:2
LH:2
BRF:0
BRH:0
end_of_record
TN:
SF:/Users/ryanfiller/Dev/personal/portfolio-gatsby/src/config/forms.js
FNF:0
FNH:0
DA:1,1
LF:1
LH:1
BRF:0
BRH:0
end_of_record
TN:
SF:/Users/ryanfiller/Dev/personal/portfolio-gatsby/src/config/styles.js
FN:47,(anonymous_0)
FN:94,(anonymous_1)
FN:144,(anonymous_2)
FN:151,(anonymous_3)
FN:158,(anonymous_4)
FN:168,(anonymous_5)
FN:195,(anonymous_6)
FN:203,(anonymous_7)
FN:211,(anonymous_8)
FN:219,(anonymous_9)
FN:231,(anonymous_10)
FN:237,(anonymous_11)
FN:246,glitchAnimation
FN:267,(anonymous_13)
FN:305,(anonymous_14)
FN:324,(anonymous_15)
FNF:16
FNH:8
FNDA:4,(anonymous_0)
FNDA:0,(anonymous_1)
FNDA:2,(anonymous_2)
FNDA:2,(anonymous_3)
FNDA:0,(anonymous_4)
FNDA:0,(anonymous_5)
FNDA:4,(anonymous_6)
FNDA:4,(anonymous_7)
FNDA:0,(anonymous_8)
FNDA:0,(anonymous_9)
FNDA:1,(anonymous_10)
FNDA:0,(anonymous_11)
FNDA:2,glitchAnimation
FNDA:1,(anonymous_13)
FNDA:0,(anonymous_14)
FNDA:0,(anonymous_15)
DA:3,1
DA:15,1
DA:24,1
DA:34,1
DA:35,1
DA:36,1
DA:37,1
DA:38,1
DA:39,1
DA:47,1
DA:48,4
DA:67,1
DA:94,1
DA:96,0
DA:140,1
DA:141,1
DA:143,1
DA:145,2
DA:152,2
DA:159,0
DA:169,0
DA:183,1
DA:185,1
DA:191,1
DA:192,1
DA:194,1
DA:196,4
DA:204,4
DA:212,0
DA:220,0
DA:228,1
DA:230,1
DA:232,1
DA:238,0
DA:248,2
DA:250,2
DA:252,42
DA:253,42
DA:255,42
DA:262,2
DA:265,1
DA:268,1
DA:269,1
DA:270,1
DA:306,0
DA:307,0
DA:308,0
DA:309,0
DA:325,0
LF:49
LH:38
BRDA:94,0,0,0
BRDA:121,1,0,0
BRDA:121,1,1,0
BRDA:158,2,0,0
BRDA:268,3,0,1
BRDA:268,3,1,0
BRDA:269,4,0,1
BRDA:269,4,1,0
BRDA:306,5,0,0
BRDA:306,5,1,0
BRDA:307,6,0,0
BRDA:307,6,1,0
BRDA:308,7,0,0
BRDA:308,7,1,0
BRF:14
BRH:2
end_of_record
TN:
SF:/Users/ryanfiller/Dev/personal/portfolio-gatsby/src/helpers/helpers.js
FN:2,slugify
FN:11,arrayZip
FN:23,(anonymous_2)
FN:46,getParent
FN:57,initialFormState
FN:61,(anonymous_5)
FN:68,disableFormButton
FN:72,(anonymous_7)
FN:82,randomNumber
FN:86,formatPortfolioObject
FN:88,(anonymous_10)
FN:92,(anonymous_11)
FN:97,(anonymous_12)
FN:99,(anonymous_13)
FN:106,(anonymous_14)
FN:111,(anonymous_15)
FN:118,(anonymous_16)
FN:142,getOwnHeaderIndex
FN:144,(anonymous_18)
FN:153,colorizeBlocks
FN:156,modifyColor
FN:164,setNewColor
FNF:22
FNH:0
FNDA:0,slugify
FNDA:0,arrayZip
FNDA:0,(anonymous_2)
FNDA:0,getParent
FNDA:0,initialFormState
FNDA:0,(anonymous_5)
FNDA:0,disableFormButton
FNDA:0,(anonymous_7)
FNDA:0,randomNumber
FNDA:0,formatPortfolioObject
FNDA:0,(anonymous_10)
FNDA:0,(anonymous_11)
FNDA:0,(anonymous_12)
FNDA:0,(anonymous_13)
FNDA:0,(anonymous_14)
FNDA:0,(anonymous_15)
FNDA:0,(anonymous_16)
FNDA:0,getOwnHeaderIndex
FNDA:0,(anonymous_18)
FNDA:0,colorizeBlocks
FNDA:0,modifyColor
FNDA:0,setNewColor
DA:3,0
DA:14,0
DA:15,0
DA:17,0
DA:18,0
DA:20,0
DA:23,0
DA:24,0
DA:25,0
DA:26,0
DA:28,0
DA:31,0
DA:32,0
DA:34,0
DA:36,0
DA:37,0
DA:43,0
DA:48,0
DA:49,0
DA:51,0
DA:59,0
DA:61,0
DA:62,0
DA:65,0
DA:70,0
DA:72,0
DA:73,0
DA:74,0
DA:76,0
DA:79,0
DA:83,0
DA:88,0
DA:90,0
DA:92,0
DA:97,0
DA:98,0
DA:100,0
DA:106,0
DA:107,0
DA:111,0
DA:112,0
DA:116,0
DA:118,0
DA:119,0
DA:124,0
DA:139,0
DA:144,0
DA:145,0
DA:148,0
DA:151,1
DA:154,0
DA:157,0
DA:158,0
DA:160,0
DA:165,0
DA:167,0
DA:168,0
DA:169,0
DA:171,0
DA:172,0
DA:175,0
DA:176,0
DA:178,0
DA:179,0
DA:184,0
DA:185,0
DA:188,0
DA:191,1
LF:68
LH:2
BRDA:11,0,0,0
BRDA:11,1,0,0
BRDA:17,2,0,0
BRDA:17,2,1,0
BRDA:73,3,0,0
BRDA:73,3,1,0
BRDA:73,4,0,0
BRDA:73,4,1,0
BRDA:153,5,0,0
BRDA:157,6,0,0
BRDA:157,6,1,0
BRDA:167,7,0,0
BRDA:167,7,1,0
BRDA:168,8,0,0
BRDA:168,8,1,0
BRDA:175,9,0,0
BRDA:175,9,1,0
BRF:17
BRH:0
end_of_record
