TN:
SF:/Users/ryanfiller/Dev/personal/portfolio-gatsby/src/components/buttons.js
FN:7,(anonymous_0)
FN:48,(anonymous_1)
FN:49,(anonymous_2)
FN:53,(anonymous_3)
FNF:4
FNH:0
FNDA:0,(anonymous_0)
FNDA:0,(anonymous_1)
FNDA:0,(anonymous_2)
FNDA:0,(anonymous_3)
DA:7,4
DA:13,0
DA:15,0
DA:28,4
DA:37,4
DA:48,0
DA:49,0
DA:53,0
LF:8
LH:3
BRDA:48,0,0,0
BRDA:48,0,1,0
BRDA:49,1,0,0
BRDA:49,1,1,0
BRDA:53,2,0,0
BRDA:53,2,1,0
BRF:6
BRH:0
end_of_record
TN:
SF:/Users/ryanfiller/Dev/personal/portfolio-gatsby/src/components/form.js
FN:13,(anonymous_0)
FN:21,(anonymous_1)
FN:28,(anonymous_2)
FN:30,(anonymous_3)
FN:34,(anonymous_4)
FN:41,(anonymous_5)
FN:42,(anonymous_6)
FN:45,(anonymous_7)
FN:65,(anonymous_8)
FN:146,(anonymous_9)
FN:147,(anonymous_10)
FN:161,(anonymous_11)
FN:181,(anonymous_12)
FN:204,(anonymous_13)
FNF:14
FNH:0
FNDA:0,(anonymous_0)
FNDA:0,(anonymous_1)
FNDA:0,(anonymous_2)
FNDA:0,(anonymous_3)
FNDA:0,(anonymous_4)
FNDA:0,(anonymous_5)
FNDA:0,(anonymous_6)
FNDA:0,(anonymous_7)
FNDA:0,(anonymous_8)
FNDA:0,(anonymous_9)
FNDA:0,(anonymous_10)
FNDA:0,(anonymous_11)
FNDA:0,(anonymous_12)
FNDA:0,(anonymous_13)
DA:11,4
DA:13,4
DA:15,0
DA:16,0
DA:18,0
DA:19,0
DA:21,0
DA:22,0
DA:28,0
DA:29,0
DA:30,0
DA:34,0
DA:35,0
DA:36,0
DA:41,0
DA:42,0
DA:45,0
DA:46,0
DA:47,0
DA:50,0
DA:67,0
DA:69,0
DA:74,0
DA:112,4
DA:146,0
DA:147,0
DA:161,0
DA:181,0
DA:204,0
DA:214,4
LF:30
LH:4
BRDA:52,0,0,0
BRDA:52,0,1,0
BRDA:69,1,0,0
BRDA:69,1,1,0
BRDA:71,2,0,0
BRDA:71,2,1,0
BRDA:81,3,0,0
BRDA:81,3,1,0
BRDA:146,4,0,0
BRDA:146,4,1,0
BRDA:147,5,0,0
BRDA:147,5,1,0
BRDA:161,6,0,0
BRDA:161,6,1,0
BRDA:181,7,0,0
BRDA:181,7,1,0
BRF:16
BRH:0
end_of_record
TN:
SF:/Users/ryanfiller/Dev/personal/portfolio-gatsby/src/components/logo.js
FN:11,(anonymous_0)
FN:70,(anonymous_1)
FN:73,(anonymous_2)
FNF:3
FNH:3
FNDA:10,(anonymous_0)
FNDA:10,(anonymous_1)
FNDA:10,(anonymous_2)
DA:11,4
DA:13,10
DA:20,4
DA:70,10
DA:73,10
DA:100,4
LF:6
LH:6
BRF:0
BRH:0
end_of_record
TN:
SF:/Users/ryanfiller/Dev/personal/portfolio-gatsby/src/components/layout/global-styles.js
FN:13,(anonymous_0)
FN:15,(anonymous_1)
FN:17,(anonymous_2)
FN:33,(anonymous_3)
FN:34,(anonymous_4)
FN:73,(anonymous_5)
FN:93,(anonymous_6)
FNF:7
FNH:0
FNDA:0,(anonymous_0)
FNDA:0,(anonymous_1)
FNDA:0,(anonymous_2)
FNDA:0,(anonymous_3)
FNDA:0,(anonymous_4)
FNDA:0,(anonymous_5)
FNDA:0,(anonymous_6)
DA:7,4
DA:14,0
DA:15,0
DA:17,0
DA:33,0
DA:34,0
DA:73,0
DA:93,4
LF:8
LH:2
BRDA:14,0,0,0
BRDA:14,0,1,0
BRF:2
BRH:0
end_of_record
TN:
SF:/Users/ryanfiller/Dev/personal/portfolio-gatsby/src/components/layout/header.js
FN:13,(anonymous_0)
FN:34,(anonymous_1)
FN:49,(anonymous_2)
FNF:3
FNH:3
FNDA:7,(anonymous_0)
FNDA:7,(anonymous_1)
FNDA:7,(anonymous_2)
DA:13,4
DA:14,7
DA:18,7
DA:33,4
DA:35,7
DA:49,7
LF:6
LH:6
BRDA:20,0,0,0
BRDA:20,0,1,7
BRDA:35,1,0,1
BRDA:35,1,1,6
BRF:4
BRH:3
end_of_record
TN:
SF:/Users/ryanfiller/Dev/personal/portfolio-gatsby/src/components/layout/layout.js
FN:14,(anonymous_0)
FN:20,(anonymous_1)
FN:32,(anonymous_2)
FN:37,(anonymous_3)
FN:45,(anonymous_4)
FNF:5
FNH:0
FNDA:0,(anonymous_0)
FNDA:0,(anonymous_1)
FNDA:0,(anonymous_2)
FNDA:0,(anonymous_3)
FNDA:0,(anonymous_4)
DA:11,4
DA:12,4
DA:14,4
DA:16,0
DA:18,0
DA:20,0
DA:21,0
DA:22,0
DA:32,0
DA:33,0
DA:34,0
DA:37,0
DA:38,0
DA:39,0
DA:40,0
DA:43,0
DA:45,0
DA:65,4
LF:18
LH:4
BRF:0
BRH:0
end_of_record
TN:
SF:/Users/ryanfiller/Dev/personal/portfolio-gatsby/src/components/layout/navicon.js
FN:8,(anonymous_0)
FN:52,(anonymous_1)
FN:79,(anonymous_2)
FNF:3
FNH:3
FNDA:7,(anonymous_0)
FNDA:7,(anonymous_1)
FNDA:7,(anonymous_2)
DA:8,4
DA:10,7
DA:12,7
DA:26,4
DA:52,7
DA:79,7
LF:6
LH:6
BRF:0
BRH:0
end_of_record
TN:
SF:/Users/ryanfiller/Dev/personal/portfolio-gatsby/src/components/layout/navigation.js
FN:11,(anonymous_0)
FN:19,(anonymous_1)
FN:24,(anonymous_2)
FN:28,(anonymous_3)
FN:56,(anonymous_4)
FN:58,(anonymous_5)
FN:74,(anonymous_6)
FN:84,(anonymous_7)
FN:95,(anonymous_8)
FN:100,(anonymous_9)
FN:104,(anonymous_10)
FN:112,(anonymous_11)
FNF:12
FNH:11
FNDA:11,(anonymous_0)
FNDA:52,(anonymous_1)
FNDA:1,(anonymous_2)
FNDA:1,(anonymous_3)
FNDA:11,(anonymous_4)
FNDA:11,(anonymous_5)
FNDA:11,(anonymous_6)
FNDA:11,(anonymous_7)
FNDA:11,(anonymous_8)
FNDA:11,(anonymous_9)
FNDA:0,(anonymous_10)
FNDA:11,(anonymous_11)
DA:11,4
DA:13,11
DA:15,11
DA:17,11
DA:23,52
DA:24,10
DA:25,42
DA:26,4
DA:28,38
DA:31,52
DA:33,52
DA:49,4
DA:54,4
DA:56,11
DA:58,11
DA:74,11
DA:84,11
DA:95,11
DA:100,11
DA:104,0
DA:112,11
LF:21
LH:20
BRDA:15,0,0,11
BRDA:15,0,1,10
BRDA:23,1,0,10
BRDA:23,1,1,42
BRDA:25,2,0,4
BRDA:25,2,1,38
BRDA:31,3,0,52
BRDA:31,3,1,31
BRDA:39,4,0,1
BRDA:39,4,1,51
BRDA:58,5,0,1
BRDA:58,5,1,10
BRDA:74,6,0,10
BRDA:74,6,1,1
BRDA:84,7,0,1
BRDA:84,7,1,10
BRF:16
BRH:16
end_of_record
TN:
SF:/Users/ryanfiller/Dev/personal/portfolio-gatsby/src/components/layout/off-canvas.js
FN:13,(anonymous_0)
FN:41,(anonymous_1)
FNF:2
FNH:0
FNDA:0,(anonymous_0)
FNDA:0,(anonymous_1)
DA:13,4
DA:15,0
DA:16,0
DA:18,0
DA:36,4
DA:41,0
LF:6
LH:2
BRF:0
BRH:0
end_of_record
TN:
SF:/Users/ryanfiller/Dev/personal/portfolio-gatsby/src/components/layout/overlay.js
FN:8,(anonymous_0)
FNF:1
FNH:0
FNDA:0,(anonymous_0)
DA:8,4
DA:10,0
DA:12,0
DA:20,4
LF:4
LH:2
BRF:0
BRH:0
end_of_record
TN:
SF:/Users/ryanfiller/Dev/personal/portfolio-gatsby/src/components/layout/page.js
FN:11,(anonymous_0)
FNF:1
FNH:0
FNDA:0,(anonymous_0)
DA:11,4
DA:13,0
DA:15,0
LF:3
LH:1
BRDA:17,0,0,0
BRDA:17,0,1,0
BRDA:23,1,0,0
BRDA:23,1,1,0
BRDA:26,2,0,0
BRDA:26,2,1,0
BRF:6
BRH:0
end_of_record
TN:
SF:/Users/ryanfiller/Dev/personal/portfolio-gatsby/src/config/config.js
FNF:0
FNH:0
DA:1,4
DA:21,4
LF:2
LH:2
BRF:0
BRH:0
end_of_record
TN:
SF:/Users/ryanfiller/Dev/personal/portfolio-gatsby/src/config/forms.js
FNF:0
FNH:0
DA:1,4
LF:1
LH:1
BRF:0
BRH:0
end_of_record
TN:
SF:/Users/ryanfiller/Dev/personal/portfolio-gatsby/src/config/styles.js
FN:47,(anonymous_0)
FN:94,(anonymous_1)
FN:144,(anonymous_2)
FN:151,(anonymous_3)
FN:158,(anonymous_4)
FN:168,(anonymous_5)
FN:201,(anonymous_6)
FN:208,(anonymous_7)
FN:216,(anonymous_8)
FN:224,(anonymous_9)
FN:232,(anonymous_10)
FN:244,(anonymous_11)
FN:250,(anonymous_12)
FN:259,glitchAnimation
FN:280,(anonymous_14)
FN:318,(anonymous_15)
FN:337,(anonymous_16)
FNF:17
FNH:9
FNDA:16,(anonymous_0)
FNDA:0,(anonymous_1)
FNDA:8,(anonymous_2)
FNDA:8,(anonymous_3)
FNDA:0,(anonymous_4)
FNDA:0,(anonymous_5)
FNDA:7,(anonymous_6)
FNDA:22,(anonymous_7)
FNDA:12,(anonymous_8)
FNDA:0,(anonymous_9)
FNDA:0,(anonymous_10)
FNDA:4,(anonymous_11)
FNDA:0,(anonymous_12)
FNDA:8,glitchAnimation
FNDA:4,(anonymous_14)
FNDA:0,(anonymous_15)
FNDA:0,(anonymous_16)
DA:3,4
DA:15,4
DA:24,4
DA:34,4
DA:35,4
DA:36,4
DA:37,4
DA:38,4
DA:39,4
DA:47,4
DA:48,16
DA:67,4
DA:94,4
DA:96,0
DA:140,4
DA:141,4
DA:143,4
DA:145,8
DA:152,8
DA:159,0
DA:169,0
DA:183,4
DA:188,4
DA:189,4
DA:191,4
DA:197,4
DA:198,4
DA:200,4
DA:202,7
DA:209,22
DA:217,12
DA:225,0
DA:233,0
DA:241,4
DA:243,4
DA:245,4
DA:251,0
DA:261,8
DA:263,8
DA:265,168
DA:266,168
DA:268,168
DA:275,8
DA:278,4
DA:281,4
DA:282,4
DA:283,4
DA:319,0
DA:320,0
DA:321,0
DA:322,0
DA:338,0
LF:52
LH:41
BRDA:94,0,0,0
BRDA:121,1,0,0
BRDA:121,1,1,0
BRDA:158,2,0,0
BRDA:281,3,0,4
BRDA:281,3,1,0
BRDA:282,4,0,4
BRDA:282,4,1,0
BRDA:319,5,0,0
BRDA:319,5,1,0
BRDA:320,6,0,0
BRDA:320,6,1,0
BRDA:321,7,0,0
BRDA:321,7,1,0
BRF:14
BRH:2
end_of_record
TN:
SF:/Users/ryanfiller/Dev/personal/portfolio-gatsby/src/helpers/helpers.js
FN:2,slugify
FN:11,arrayZip
FN:23,(anonymous_2)
FN:46,getParent
FN:57,initialFormState
FN:61,(anonymous_5)
FN:68,disableFormButton
FN:72,(anonymous_7)
FN:82,randomNumber
FN:86,formatPortfolioObject
FN:88,(anonymous_10)
FN:92,(anonymous_11)
FN:97,(anonymous_12)
FN:99,(anonymous_13)
FN:106,(anonymous_14)
FN:111,(anonymous_15)
FN:118,(anonymous_16)
FN:142,getOwnHeaderIndex
FN:144,(anonymous_18)
FN:153,colorizeBlocks
FN:156,modifyColor
FN:164,setNewColor
FNF:22
FNH:0
FNDA:0,slugify
FNDA:0,arrayZip
FNDA:0,(anonymous_2)
FNDA:0,getParent
FNDA:0,initialFormState
FNDA:0,(anonymous_5)
FNDA:0,disableFormButton
FNDA:0,(anonymous_7)
FNDA:0,randomNumber
FNDA:0,formatPortfolioObject
FNDA:0,(anonymous_10)
FNDA:0,(anonymous_11)
FNDA:0,(anonymous_12)
FNDA:0,(anonymous_13)
FNDA:0,(anonymous_14)
FNDA:0,(anonymous_15)
FNDA:0,(anonymous_16)
FNDA:0,getOwnHeaderIndex
FNDA:0,(anonymous_18)
FNDA:0,colorizeBlocks
FNDA:0,modifyColor
FNDA:0,setNewColor
DA:3,0
DA:14,0
DA:15,0
DA:17,0
DA:18,0
DA:20,0
DA:23,0
DA:24,0
DA:25,0
DA:26,0
DA:28,0
DA:31,0
DA:32,0
DA:34,0
DA:36,0
DA:37,0
DA:43,0
DA:48,0
DA:49,0
DA:51,0
DA:59,0
DA:61,0
DA:62,0
DA:65,0
DA:70,0
DA:72,0
DA:73,0
DA:74,0
DA:76,0
DA:79,0
DA:83,0
DA:88,0
DA:90,0
DA:92,0
DA:97,0
DA:98,0
DA:100,0
DA:106,0
DA:107,0
DA:111,0
DA:112,0
DA:116,0
DA:118,0
DA:119,0
DA:124,0
DA:139,0
DA:144,0
DA:145,0
DA:148,0
DA:151,4
DA:154,0
DA:157,0
DA:158,0
DA:160,0
DA:165,0
DA:167,0
DA:168,0
DA:169,0
DA:171,0
DA:172,0
DA:175,0
DA:176,0
DA:178,0
DA:179,0
DA:184,0
DA:185,0
DA:188,0
DA:191,4
LF:68
LH:2
BRDA:11,0,0,0
BRDA:11,1,0,0
BRDA:17,2,0,0
BRDA:17,2,1,0
BRDA:73,3,0,0
BRDA:73,3,1,0
BRDA:73,4,0,0
BRDA:73,4,1,0
BRDA:153,5,0,0
BRDA:157,6,0,0
BRDA:157,6,1,0
BRDA:167,7,0,0
BRDA:167,7,1,0
BRDA:168,8,0,0
BRDA:168,8,1,0
BRDA:175,9,0,0
BRDA:175,9,1,0
BRF:17
BRH:0
end_of_record
